<?xml version="1.0" encoding="UTF-8"?>
<!-- Generated by org.testng.reporters.JUnitReportReporter -->
<testsuite hostname="Sujatha" failures="0" tests="1" name="com.crm.ClientManagementSystem.Organization.CreateContacts" time="38.308" errors="0" timestamp="2026-04-18T18:23:04 IST" skipped="0">
  <testcase classname="com.crm.ClientManagementSystem.Organization.CreateContacts" name="create" time="38.308"/>
  <system-out>
    <![CDATA[Database connected
browser launched successfully
logged in successfully
logged out successfully
Database disconnected successfully]]>
  </system-out>
</testsuite> <!-- com.crm.ClientManagementSystem.Organization.CreateContacts -->
