<?xml version="1.0" encoding="UTF-8"?>
<testng-results ignored="0" total="1" passed="1" failed="0" skipped="0">
  <reporter-output>
    <line>
      <![CDATA[Database connected]]>
    </line>
    <line>
      <![CDATA[browser launched successfully]]>
    </line>
    <line>
      <![CDATA[logged in successfully]]>
    </line>
    <line>
      <![CDATA[logged out successfully]]>
    </line>
    <line>
      <![CDATA[Database disconnected successfully]]>
    </line>
  </reporter-output>
  <suite started-at="2026-04-18T18:22:20 IST" name="Default suite" finished-at="2026-04-18T18:23:04 IST" duration-ms="43215">
    <groups>
    </groups>
    <test started-at="2026-04-18T18:22:20 IST" name="Default test" finished-at="2026-04-18T18:23:04 IST" duration-ms="43215">
      <class name="com.crm.ClientManagementSystem.Organization.CreateContacts">
        <test-method is-config="true" signature="connectingWithDatabase()[pri:0, instance:com.crm.ClientManagementSystem.Organization.CreateContacts@3a52dba3]" started-at="2026-04-18T18:22:20 IST" name="connectingWithDatabase" finished-at="2026-04-18T18:22:20 IST" duration-ms="8" status="PASS">
          <reporter-output>
            <line>
              <![CDATA[Database connected]]>
            </line>
          </reporter-output>
        </test-method> <!-- connectingWithDatabase -->
        <test-method is-config="true" signature="launchBrowser()[pri:0, instance:com.crm.ClientManagementSystem.Organization.CreateContacts@3a52dba3]" started-at="2026-04-18T18:22:21 IST" name="launchBrowser" finished-at="2026-04-18T18:22:25 IST" duration-ms="3952" status="PASS">
          <reporter-output>
            <line>
              <![CDATA[browser launched successfully]]>
            </line>
          </reporter-output>
        </test-method> <!-- launchBrowser -->
        <test-method is-config="true" signature="loginToCMS()[pri:0, instance:com.crm.ClientManagementSystem.Organization.CreateContacts@3a52dba3]" started-at="2026-04-18T18:22:25 IST" name="loginToCMS" finished-at="2026-04-18T18:22:34 IST" duration-ms="9756" status="PASS">
          <reporter-output>
            <line>
              <![CDATA[logged in successfully]]>
            </line>
          </reporter-output>
        </test-method> <!-- loginToCMS -->
        <test-method signature="create()[pri:0, instance:com.crm.ClientManagementSystem.Organization.CreateContacts@3a52dba3]" started-at="2026-04-18T18:22:34 IST" name="create" finished-at="2026-04-18T18:23:01 IST" duration-ms="26266" status="PASS">
          <reporter-output>
          </reporter-output>
        </test-method> <!-- create -->
        <test-method is-config="true" signature="logoutFromCMS()[pri:0, instance:com.crm.ClientManagementSystem.Organization.CreateContacts@3a52dba3]" started-at="2026-04-18T18:23:01 IST" name="logoutFromCMS" finished-at="2026-04-18T18:23:03 IST" duration-ms="2286" status="PASS">
          <reporter-output>
            <line>
              <![CDATA[logged out successfully]]>
            </line>
          </reporter-output>
        </test-method> <!-- logoutFromCMS -->
        <test-method is-config="true" signature="closeBrowser()[pri:0, instance:com.crm.ClientManagementSystem.Organization.CreateContacts@3a52dba3]" started-at="2026-04-18T18:23:03 IST" name="closeBrowser" finished-at="2026-04-18T18:23:04 IST" duration-ms="614" status="PASS">
          <reporter-output>
          </reporter-output>
        </test-method> <!-- closeBrowser -->
        <test-method is-config="true" signature="diconnectingWithDatabase()[pri:0, instance:com.crm.ClientManagementSystem.Organization.CreateContacts@3a52dba3]" started-at="2026-04-18T18:23:04 IST" name="diconnectingWithDatabase" finished-at="2026-04-18T18:23:04 IST" duration-ms="4" status="PASS">
          <reporter-output>
            <line>
              <![CDATA[Database disconnected successfully]]>
            </line>
          </reporter-output>
        </test-method> <!-- diconnectingWithDatabase -->
      </class> <!-- com.crm.ClientManagementSystem.Organization.CreateContacts -->
    </test> <!-- Default test -->
  </suite> <!-- Default suite -->
</testng-results>
